Started by user [8mha:////4AwtVIVOGA6c11B/UH4g4a42QBSOiqrqTjwX12sWSDn6AAAAoR+LCAAAAAAAAP9b85aBtbiIQTGjNKU4P08vOT+vOD8nVc83PyU1x6OyILUoJzMv2y+/JJUBAhiZGBgqihhk0NSjKDWzXb3RdlLBUSYGJk8GtpzUvPSSDB8G5tKinBIGIZ+sxLJE/ZzEvHT94JKizLx0a6BxUmjGOUNodHsLgAyBEgZR/dLi1CL9rNS87My84vL8ouzijPwCAMkoBnbKAAAA[0mjenkins workshop
Obtained Jenkinsfile from git https://github.com/nbaars/NodeGoat.git
org.codehaus.groovy.control.MultipleCompilationErrorsException: startup failed:
WorkflowScript: 6: Unknown stage section "echo". Starting with version 0.5, steps in a stage must be in a steps block. @ line 6, column 9.
           stage('PreBuild') {
           ^

WorkflowScript: 10: Unknown stage section "echo". Starting with version 0.5, steps in a stage must be in a steps block. @ line 10, column 9.
           stage('Build') {
           ^

WorkflowScript: 13: Unknown stage section "echo". Starting with version 0.5, steps in a stage must be in a steps block. @ line 13, column 9.
           stage('Integration Testing') {
           ^

WorkflowScript: 17: Unknown stage section "echo". Starting with version 0.5, steps in a stage must be in a steps block. @ line 17, column 9.
           stage('ZAP-test') {
           ^

WorkflowScript: 1: Missing required section "agent" @ line 1, column 1.
   pipeline {
   ^

WorkflowScript: 6: Nothing to execute within stage "PreBuild" @ line 6, column 9.
           stage('PreBuild') {
           ^

WorkflowScript: 10: Nothing to execute within stage "Build" @ line 10, column 9.
           stage('Build') {
           ^

WorkflowScript: 13: Nothing to execute within stage "Integration Testing" @ line 13, column 9.
           stage('Integration Testing') {
           ^

WorkflowScript: 17: Nothing to execute within stage "ZAP-test" @ line 17, column 9.
           stage('ZAP-test') {
           ^

WorkflowScript: 2: No tools specified @ line 2, column 3.
     tools {
     ^

10 errors

	at org.codehaus.groovy.control.ErrorCollector.failIfErrors(ErrorCollector.java:310)
	at org.codehaus.groovy.control.CompilationUnit.applyToPrimaryClassNodes(CompilationUnit.java:1073)
	at org.codehaus.groovy.control.CompilationUnit.doPhaseOperation(CompilationUnit.java:591)
	at org.codehaus.groovy.control.CompilationUnit.processPhaseOperations(CompilationUnit.java:569)
	at org.codehaus.groovy.control.CompilationUnit.compile(CompilationUnit.java:546)
	at groovy.lang.GroovyClassLoader.doParseClass(GroovyClassLoader.java:298)
	at groovy.lang.GroovyClassLoader.parseClass(GroovyClassLoader.java:268)
	at groovy.lang.GroovyShell.parseClass(GroovyShell.java:688)
	at groovy.lang.GroovyShell.parse(GroovyShell.java:700)
	at org.jenkinsci.plugins.workflow.cps.CpsGroovyShell.doParse(CpsGroovyShell.java:129)
	at org.jenkinsci.plugins.workflow.cps.CpsGroovyShell.reparse(CpsGroovyShell.java:123)
	at org.jenkinsci.plugins.workflow.cps.CpsFlowExecution.parseScript(CpsFlowExecution.java:516)
	at org.jenkinsci.plugins.workflow.cps.CpsFlowExecution.start(CpsFlowExecution.java:479)
	at org.jenkinsci.plugins.workflow.job.WorkflowRun.run(WorkflowRun.java:240)
	at hudson.model.ResourceController.execute(ResourceController.java:98)
	at hudson.model.Executor.run(Executor.java:405)
Finished: FAILURE
